生成启动时间为 2012/10/7 14:42:12。
     1>项目“D:\Project\Qt\UsbReaderDemo\UsbReaderDemo\UsbReaderDemo.vcxproj”在节点 2 上(build 个目标)。
     1>InitializeBuildStatus:
         正在创建“Debug\UsbReaderDemo.unsuccessfulbuild”，因为已指定“AlwaysCreate”。
       CustomBuild:
         Uic'ing usbreaderdemo.ui...
       ClCompile:
         d:\Program Files\Microsoft Visual Studio 10.0\VC\bin\CL.exe /c /I.\GeneratedFiles /ID:\Qt\4.8.1\include /I.\GeneratedFiles\Debug /ID:\Qt\4.8.1\include\QtCore /ID:\Qt\4.8.1\include\QtGui /I.\ /Zi /nologo /W1 /WX- /Od /Oy- /D UNICODE /D WIN32 /D QT_LARGEFILE_SUPPORT /D QT_CORE_LIB /D QT_GUI_LIB /Gm- /EHsc /MDd /GS /fp:precise /Zc:wchar_t- /Zc:forScope /Fo"Debug\\" /Fd"Debug\vc100.pdb" /Gd /TP /analyze- /errorReport:prompt GeneratedFiles\Debug\moc_usbreaderdemo.cpp main.cpp usbreaderdemo.cpp
         moc_usbreaderdemo.cpp
         main.cpp
         usbreaderdemo.cpp
         正在生成代码...
         所有输出均为最新。
       Link:
         d:\Program Files\Microsoft Visual Studio 10.0\VC\bin\link.exe /ERRORREPORT:PROMPT /OUT:"D:\Project\Qt\UsbReaderDemo\\UsbReaderDemo.exe" /NOLOGO /LIBPATH:D:\Qt\4.8.1\lib qtmaind.lib QtCored4.lib QtGuid4.lib kernel32.lib user32.lib gdi32.lib winspool.lib comdlg32.lib advapi32.lib shell32.lib ole32.lib oleaut32.lib uuid.lib odbc32.lib odbccp32.lib /MANIFEST /ManifestFile:"Debug\UsbReaderDemo.exe.intermediate.manifest" /MANIFESTUAC:"level='asInvoker' uiAccess='false'" /DEBUG /PDB:"D:\Project\Qt\UsbReaderDemo\UsbReaderDemo.pdb" /SUBSYSTEM:WINDOWS /TLBID:1 /DYNAMICBASE /NXCOMPAT /IMPLIB:"D:\Project\Qt\UsbReaderDemo\UsbReaderDemo.lib" /MACHINE:X86 Debug\moc_usbreaderdemo.obj
         Debug\qrc_usbreaderdemo.obj
         Debug\main.obj
         Debug\reader.obj
         Debug\usbreaderdemo.obj
         LINK : 没有找到 D:\Project\Qt\UsbReaderDemo\\UsbReaderDemo.exe 或上一个增量链接没有生成它；正在执行完全链接
         UsbReaderDemo.vcxproj -> D:\Project\Qt\UsbReaderDemo\UsbReaderDemo.exe
       Manifest:
         C:\Program Files\Microsoft SDKs\Windows\v7.0A\bin\mt.exe /nologo /verbose /outputresource:"D:\Project\Qt\UsbReaderDemo\\UsbReaderDemo.exe;#1" /manifest Debug\UsbReaderDemo.exe.intermediate.manifest
       FinalizeBuildStatus:
         正在删除文件“Debug\UsbReaderDemo.unsuccessfulbuild”。
         正在对“Debug\UsbReaderDemo.lastbuildstate”执行 Touch 任务。
     1>已完成生成项目“D:\Project\Qt\UsbReaderDemo\UsbReaderDemo\UsbReaderDemo.vcxproj”(build 个目标)的操作。

生成成功。

已用时间 00:00:05.26
